[0mCompiling "main.js" from ["src"]...[0m
[32mSuccessfully compiled "main.js" in 0.632 seconds.[0m
notifying browser that file changed:  out/goog/deps.js
notifying browser that file changed:  out/cljs_deps.js
notifying browser that file changed:  out\hello_seymore\core.js
[0mCompiling "main.js" from ["src"]...[0m
[32mSuccessfully compiled "main.js" in 0.673 seconds.[0m
notifying browser that file changed:  out\hello_seymore\core.js
[0mCompiling "main.js" from ["src"]...[0m
[32mSuccessfully compiled "main.js" in 0.498 seconds.[0m
notifying browser that file changed:  out\hello_seymore\core.js
[0mCompiling "main.js" from ["src"]...[0m
[32mSuccessfully compiled "main.js" in 0.464 seconds.[0m
notifying browser that file changed:  out\hello_seymore\core.js
[0mCompiling "main.js" from ["src"]...[0m
[32mSuccessfully compiled "main.js" in 0.583 seconds.[0m
notifying browser that file changed:  out\hello_seymore\core.js
[0mCompiling "main.js" from ["src"]...[0m
[32mSuccessfully compiled "main.js" in 0.57 seconds.[0m
notifying browser that file changed:  out/cljs_deps.js
notifying browser that file changed:  out\hello_seymore\components.js
[0mCompiling "main.js" from ["src"]...[0m
[36m----  Compiler Warning on   src/hello_seymore/components.cljs   line:4  column:4  ----[0m

  [1mNo such namespace: sab, could not locate sab.cljs, sab.cljc, or JavaScript source providing "sab"[0m

  [36m1[0m  [36m(ns hello-seymore.components)[0m
  [36m2[0m  [36m[0m
  [36m3[0m  [36m(defn like-seymore [data][0m
  [33m4[0m  [1m  (sab/html [:div[0m
  [0m [0m  [33m   ^--- No such namespace: sab, could not locate sab.cljs, sab.cljc, or JavaScript source providing "sab"[0m
  [36m5[0m  [36m             [:h1 "Seymore's quantified popularity: " (:likes @data)][0m
  [36m6[0m  [36m             [:div [:a {:href "#"[0m
  [36m7[0m  [36m                        :onClick #(swap! data update-in [:likes] inc)}[0m
  [36m8[0m  [36m                    "Thumbs up"]]]))[0m

[36m----  Compiler Warning : Please see src/hello_seymore/components.cljs  ----[0m
[36m----  Compiler Warning on   src/hello_seymore/components.cljs   line:4  column:4  ----[0m

  [1mUse of undeclared Var sab/html[0m

  [36m1[0m  [36m(ns hello-seymore.components)[0m
  [36m2[0m  [36m[0m
  [36m3[0m  [36m(defn like-seymore [data][0m
  [33m4[0m  [1m  (sab/html [:div[0m
  [0m [0m  [33m   ^--- Use of undeclared Var sab/html[0m
  [36m5[0m  [36m             [:h1 "Seymore's quantified popularity: " (:likes @data)][0m
  [36m6[0m  [36m             [:div [:a {:href "#"[0m
  [36m7[0m  [36m                        :onClick #(swap! data update-in [:likes] inc)}[0m
  [36m8[0m  [36m                    "Thumbs up"]]]))[0m

[36m----  Compiler Warning : Please see src/hello_seymore/components.cljs  ----[0m
[32mSuccessfully compiled "main.js" in 0.521 seconds.[0m
notifying browser that file changed:  out\hello_seymore\components.js
[0mCompiling "main.js" from ["src"]...[0m
[32mSuccessfully compiled "main.js" in 0.446 seconds.[0m
notifying browser that file changed:  out/cljs_deps.js
notifying browser that file changed:  out\hello_seymore\core.js
[0mCompiling "main.js" from ["src"]...[0m
[32mSuccessfully compiled "main.js" in 0.444 seconds.[0m
notifying browser that file changed:  out/cljs_deps.js
notifying browser that file changed:  out\hello_seymore\core.js
notifying browser that file changed:  out\hello_seymore\components.js
[0mCompiling "main.js" from ["src"]...[0m
[32mSuccessfully compiled "main.js" in 0.453 seconds.[0m
notifying browser that file changed:  out\hello_seymore\components.js
Notifyng browser that CSS file changed: css/style.css
Notifyng browser that CSS file changed: css/style.css
Notifyng browser that CSS file changed: css/style.css
Notifyng browser that CSS file changed: css/style.css
Notifyng browser that CSS file changed: css/style.css
Notifyng browser that CSS file changed: css/style.css
[0mCompiling "main.js" from ["src"]...[0m
[32mSuccessfully compiled "main.js" in 0.896 seconds.[0m
notifying browser that file changed:  out/goog/deps.js
notifying browser that file changed:  out/cljs_deps.js
notifying browser that file changed:  out\hello_seymore\components.js
[0mCompiling "main.js" from ["src"]...[0m
[32mSuccessfully compiled "main.js" in 0.48 seconds.[0m
notifying browser that file changed:  out\hello_seymore\components.js
[0mCompiling "main.js" from ["src"]...[0m
[32mSuccessfully compiled "main.js" in 0.571 seconds.[0m
notifying browser that file changed:  out\hello_seymore\components.js
[0mCompiling "main.js" from ["src"]...[0m
[32mSuccessfully compiled "main.js" in 0.415 seconds.[0m
notifying browser that file changed:  out/cljs_deps.js
notifying browser that file changed:  out\hello_seymore\components.js
[0mCompiling "main.js" from ["src"]...[0m
[32mSuccessfully compiled "main.js" in 0.41 seconds.[0m
notifying browser that file changed:  out/cljs_deps.js
notifying browser that file changed:  out\hello_seymore\core.js
[0mCompiling "main.js" from ["src"]...[0m
[32mSuccessfully compiled "main.js" in 0.493 seconds.[0m
notifying browser that file changed:  out/goog/deps.js
notifying browser that file changed:  out/cljs_deps.js
notifying browser that file changed:  out\hello_seymore\components.js
[0mCompiling "main.js" from ["src"]...[0m
[32mSuccessfully compiled "main.js" in 0.563 seconds.[0m
notifying browser that file changed:  out\hello_seymore\components.js
[0mCompiling "main.js" from ["src"]...[0m
[32mSuccessfully compiled "main.js" in 0.448 seconds.[0m
notifying browser that file changed:  out\hello_seymore\components.js
Notifyng browser that CSS file changed: css/style.css
Notifyng browser that CSS file changed: css/style.css
[0mCompiling "main.js" from ["src"]...[0m
[32mSuccessfully compiled "main.js" in 0.436 seconds.[0m
notifying browser that file changed:  out\hello_seymore\components.js
[0mCompiling "main.js" from ["src"]...[0m
[32mSuccessfully compiled "main.js" in 0.455 seconds.[0m
notifying browser that file changed:  out\hello_seymore\core.js
Notifyng browser that CSS file changed: css/style.css
Notifyng browser that CSS file changed: css/style.css
[0mCompiling "main.js" from ["src"]...[0m
[32mSuccessfully compiled "main.js" in 0.511 seconds.[0m
notifying browser that file changed:  out/cljs_deps.js
notifying browser that file changed:  out\hello_seymore\core.js
[0mCompiling "main.js" from ["src"]...[0m
[32mSuccessfully compiled "main.js" in 0.614 seconds.[0m
notifying browser that file changed:  out\hello_seymore\components.js
[0mCompiling "main.js" from ["src"]...[0m
[32mSuccessfully compiled "main.js" in 0.46 seconds.[0m
notifying browser that file changed:  out\hello_seymore\core.js
[0mCompiling "main.js" from ["src"]...[0m
[31mFailed to compile "main.js" in 0.069 seconds.[0m
[36m----  Could not Analyze  src/hello_seymore/core.cljs   line:1  column:1  ----[0m

  [1mDon't know how to create ISeq from: clojure.lang.Keyword[0m

  [33m1[0m  [1m(ns hello-seymore.core[0m
  [0m [0m  [33m^--- Don't know how to create ISeq from: clojure.lang.Keyword[0m
  [36m2[0m  [36m  (:require [hello-seymore.components :refer [like-seymore]][0m
  [36m3[0m  [36m            [cljs.core.async :as async :refer :all]))[0m

[36m----  Analysis Error : Please see src/hello_seymore/core.cljs  ----[0m
[0mCompiling "main.js" from ["src"]...[0m
[31mFailed to compile "main.js" in 0.087 seconds.[0m
[36m----  Could not Analyze  src/hello_seymore/core.cljs   line:1  column:1  ----[0m

  [1mDon't know how to create ISeq from: clojure.lang.Keyword[0m

  [33m1[0m  [1m(ns hello-seymore.core[0m
  [0m [0m  [33m^--- Don't know how to create ISeq from: clojure.lang.Keyword[0m
  [36m2[0m  [36m  (:require [hello-seymore.components :refer [like-seymore]][0m
  [36m3[0m  [36m            [cljs.core.async :as async :refer :all]))[0m

[36m----  Analysis Error : Please see src/hello_seymore/core.cljs  ----[0m
[0mCompiling "main.js" from ["src"]...[0m
[31mFailed to compile "main.js" in 0.054 seconds.[0m
[36m----  Could not Analyze  src/hello_seymore/core.cljs   line:1  column:1  ----[0m

  [1mDon't know how to create ISeq from: clojure.lang.Keyword[0m

  [33m1[0m  [1m(ns hello-seymore.core[0m
  [0m [0m  [33m^--- Don't know how to create ISeq from: clojure.lang.Keyword[0m
  [36m2[0m  [36m  (:require [hello-seymore.components :refer [like-seymore]][0m
  [36m3[0m  [36m            [cljs.core.async :as async :refer :all]))[0m

[36m----  Analysis Error : Please see src/hello_seymore/core.cljs  ----[0m
[0mCompiling "main.js" from ["src"]...[0m
[31mFailed to compile "main.js" in 0.093 seconds.[0m
[36m----  Could not Analyze  src/hello_seymore/core.cljs   line:1  column:1  ----[0m

  [1mDon't know how to create ISeq from: clojure.lang.Keyword[0m

  [33m1[0m  [1m(ns hello-seymore.core[0m
  [0m [0m  [33m^--- Don't know how to create ISeq from: clojure.lang.Keyword[0m
  [36m2[0m  [36m  (:require [hello-seymore.components :refer [like-seymore]][0m
  [36m3[0m  [36m            [cljs.core.async :as async :refer :all]))[0m

[36m----  Analysis Error : Please see src/hello_seymore/core.cljs  ----[0m
Figwheel: Can't open  ("src/hello_seymore/core.cljs" 1 1) No :open-file-command supplied in the config.
[0mCompiling "main.js" from ["src"]...[0m
[31mFailed to compile "main.js" in 0.072 seconds.[0m
[36m----  Could not Analyze  src/hello_seymore/core.cljs   line:1  column:1  ----[0m

  [1mDon't know how to create ISeq from: clojure.lang.Keyword[0m

  [33m1[0m  [1m(ns hello-seymore.core[0m
  [0m [0m  [33m^--- Don't know how to create ISeq from: clojure.lang.Keyword[0m
  [36m2[0m  [36m  (:require [hello-seymore.components :refer [like-seymore]][0m
  [36m3[0m  [36m            [cljs.core.async :as async :refer :all]))[0m

[36m----  Analysis Error : Please see src/hello_seymore/core.cljs  ----[0m
[0mCompiling "main.js" from ["src"]...[0m
[31mFailed to compile "main.js" in 0.076 seconds.[0m
[36m----  Could not Analyze  src/hello_seymore/core.cljs   line:1  column:1  ----[0m

  [1mDon't know how to create ISeq from: clojure.lang.Keyword[0m

  [33m1[0m  [1m(ns hello-seymore.core[0m
  [0m [0m  [33m^--- Don't know how to create ISeq from: clojure.lang.Keyword[0m
  [36m2[0m  [36m  (:require [hello-seymore.components :refer [like-seymore simple-div]][0m
  [36m3[0m  [36m            [cljs.core.async :as async :refer :all]))[0m

[36m----  Analysis Error : Please see src/hello_seymore/core.cljs  ----[0m
[0mCompiling "main.js" from ["src"]...[0m
[0mCompiling "main.js" from ["src"]...[0m
[32mSuccessfully compiled "main.js" in 0.484 seconds.[0m
notifying browser that file changed:  out/goog/deps.js
notifying browser that file changed:  out/cljs_deps.js
notifying browser that file changed:  out\hello_seymore\core.js
[0mCompiling "main.js" from ["src"]...[0m
[36m----  Compiler Warning on   src/hello_seymore/core.cljs   line:6  column:15  ----[0m

  [1mUse of undeclared Var cljs.core.async/ch[0m

  [36m 2[0m  [36m  (:require [hello-seymore.components :refer [like-seymore simple-div]][0m
  [36m 3[0m  [36m            [cljs.core.async :as async][0m
  [36m 4[0m  [36m            ))[0m
  [36m 5[0m  [36m[0m
  [33m 6[0m  [1m(def channel (async/ch ))[0m
  [0m  [0m  [33m              ^--- Use of undeclared Var cljs.core.async/ch[0m
  [36m 7[0m  [36m[0m
  [36m 8[0m  [36m(defonce app-state (atom {:likes 1001}))[0m
  [36m 9[0m  [36m[0m
  [36m10[0m  [36m(defn render! [][0m
  [36m11[0m  [36m  (.render js/ReactDOM[0m

[36m----  Compiler Warning : Please see src/hello_seymore/core.cljs  ----[0m
[32mSuccessfully compiled "main.js" in 0.667 seconds.[0m
[0mCompiling "main.js" from ["src"]...[0m
[32mSuccessfully compiled "main.js" in 0.477 seconds.[0m
notifying browser that file changed:  out/cljs_deps.js
notifying browser that file changed:  out\hello_seymore\core.js
[0mCompiling "main.js" from ["src"]...[0m
[31mFailed to compile "main.js" in 0.221 seconds.[0m
[36m----  Could not Read  src/hello_seymore/core.cljs   line:8  column:8  ----[0m

  [1mInvalid token: async/[0m

  [36m 6[0m  [36m(def channel (async/chan 5))[0m
  [36m 7[0m  [36m[0m
  [33m 8[0m  [1m(async/)[0m
  [0m  [0m  [33m       ^--- Invalid token: async/[0m
  [36m 9[0m  [36m[0m
  [36m10[0m  [36m(defonce app-state (atom {:likes 1001}))[0m

[36m----  Reader Error : Please see src/hello_seymore/core.cljs  ----[0m
[0mCompiling "main.js" from ["src"]...[0m
[31mFailed to compile "main.js" in 0.176 seconds.[0m
[36m----  Could not Read  src/hello_seymore/core.cljs   line:8  column:8  ----[0m

  [1mInvalid token: async/[0m

  [36m 6[0m  [36m(def channel (async/chan 5))[0m
  [36m 7[0m  [36m[0m
  [33m 8[0m  [1m(async/)[0m
  [0m  [0m  [33m       ^--- Invalid token: async/[0m
  [36m 9[0m  [36m[0m
  [36m10[0m  [36m(defonce app-state (atom {:likes 1001}))[0m

[36m----  Reader Error : Please see src/hello_seymore/core.cljs  ----[0m
[0mCompiling "main.js" from ["src"]...[0m
[31mFailed to compile "main.js" in 0.198 seconds.[0m
[36m----  Could not Read  src/hello_seymore/core.cljs   line:6  column:21  ----[0m

  [1mInvalid token: async/[0m

  [36m4[0m  [36m            ))[0m
  [36m5[0m  [36m[0m
  [33m6[0m  [1m(def channel (async/ 5))[0m
  [0m [0m  [33m                    ^--- Invalid token: async/[0m
  [36m7[0m  [36m[0m
  [36m8[0m  [36m(defonce app-state (atom {:likes 1001}))[0m

[36m----  Reader Error : Please see src/hello_seymore/core.cljs  ----[0m
[0mCompiling "main.js" from ["src"]...[0m
[36m----  Compiler Warning on   src/hello_seymore/core.cljs   line:6  column:15  ----[0m

  [1mUse of undeclared Var hello-seymore.core/async[0m

  [36m 2[0m  [36m  (:require [hello-seymore.components :refer [like-seymore simple-div]][0m
  [36m 3[0m  [36m            [cljs.core.async :as async][0m
  [36m 4[0m  [36m            ))[0m
  [36m 5[0m  [36m[0m
  [33m 6[0m  [1m(def channel (async 5))[0m
  [0m  [0m  [33m              ^--- Use of undeclared Var hello-seymore.core/async[0m
  [36m 7[0m  [36m[0m
  [36m 8[0m  [36m(defonce app-state (atom {:likes 1001}))[0m
  [36m 9[0m  [36m[0m
  [36m10[0m  [36m(defn render! [][0m
  [36m11[0m  [36m  (.render js/ReactDOM[0m

[36m----  Compiler Warning : Please see src/hello_seymore/core.cljs  ----[0m
[32mSuccessfully compiled "main.js" in 0.424 seconds.[0m
notifying browser that file changed:  out/cljs_deps.js
notifying browser that file changed:  out\hello_seymore\core.js
[0mCompiling "main.js" from ["src"]...[0m
[36m----  Compiler Warning on   src/hello_seymore/components.cljs   line:5  column:15  ----[0m

  [1mUse of undeclared Var cljs.core.async/ch[0m

  [36m 1[0m  [36m(ns hello-seymore.components[0m
  [36m 2[0m  [36m  (:require [sablono.core :as sab][0m
  [36m 3[0m  [36m            [cljs.core.async :as async]))[0m
  [36m 4[0m  [36m[0m
  [33m 5[0m  [1m(def channel (async/ch ))[0m
  [0m  [0m  [33m              ^--- Use of undeclared Var cljs.core.async/ch[0m
  [36m 6[0m  [36m[0m
  [36m 7[0m  [36m(defn like-seymore [data][0m
  [36m 8[0m  [36m  (sab/html [:div[0m
  [36m 9[0m  [36m             [:h1 "Seymore's popularity: " (:likes @data)][0m
  [36m10[0m  [36m             [:div [:a {:href "#"[0m

[36m----  Compiler Warning : Please see src/hello_seymore/components.cljs  ----[0m
[36m----  Compiler Warning on   src/hello_seymore/core.cljs   line:6  column:15  ----[0m

  [1mUse of undeclared Var hello-seymore.core/async[0m

  [36m 2[0m  [36m  (:require [hello-seymore.components :refer [like-seymore simple-div]][0m
  [36m 3[0m  [36m            [cljs.core.async :as async][0m
  [36m 4[0m  [36m            ))[0m
  [36m 5[0m  [36m[0m
  [33m 6[0m  [1m(def channel (async 5))[0m
  [0m  [0m  [33m              ^--- Use of undeclared Var hello-seymore.core/async[0m
  [36m 7[0m  [36m[0m
  [36m 8[0m  [36m(defonce app-state (atom {:likes 1001}))[0m
  [36m 9[0m  [36m[0m
  [36m10[0m  [36m(defn render! [][0m
  [36m11[0m  [36m  (.render js/ReactDOM[0m

[36m----  Compiler Warning : Please see src/hello_seymore/core.cljs  ----[0m
[32mSuccessfully compiled "main.js" in 0.509 seconds.[0m
notifying browser that file changed:  out/cljs_deps.js
notifying browser that file changed:  out\hello_seymore\components.js
[0mCompiling "main.js" from ["src"]...[0m
[32mSuccessfully compiled "main.js" in 0.433 seconds.[0m
notifying browser that file changed:  out/cljs_deps.js
notifying browser that file changed:  out\hello_seymore\core.js
notifying browser that file changed:  out\hello_seymore\components.js
[0mCompiling "main.js" from ["src"]...[0m
[32mSuccessfully compiled "main.js" in 0.736 seconds.[0m
notifying browser that file changed:  out\hello_seymore\core.js
[0mCompiling "main.js" from ["src"]...[0m
[31mFailed to compile "main.js" in 0.192 seconds.[0m
[36m----  Could not Read  src/hello_seymore/core.cljs   line:5  column:21  ----[0m

  [1mInvalid token: async/[0m

  [36m3[0m  [36m            [cljs.core.async :as async]))[0m
  [36m4[0m  [36m[0m
  [33m5[0m  [1m(def channel (async/))[0m
  [0m [0m  [33m                    ^--- Invalid token: async/[0m
  [36m6[0m  [36m[0m
  [36m7[0m  [36m(defonce app-state (atom {:likes 1001}))[0m

[36m----  Reader Error : Please see src/hello_seymore/core.cljs  ----[0m
[0mCompiling "main.js" from ["src"]...[0m
[32mSuccessfully compiled "main.js" in 0.812 seconds.[0m
notifying browser that file changed:  out\hello_seymore\core.js
[0mCompiling "main.js" from ["src"]...[0m
[31mFailed to compile "main.js" in 3.92 seconds.[0m
[36m----  Could not Read  src/hello_seymore/core.cljs   line:5  column:21  ----[0m

  [1mInvalid token: async/[0m

  [36m3[0m  [36m            [cljs.core.async :as async]))[0m
  [36m4[0m  [36m[0m
  [33m5[0m  [1m(def channel (async/))[0m
  [0m [0m  [33m                    ^--- Invalid token: async/[0m
  [36m6[0m  [36m(defonce app-state (atom {:likes 1001}))[0m
  [36m7[0m  [36m[0m
  [36m8[0m  [36m(defn render! [][0m

[36m----  Reader Error : Please see src/hello_seymore/core.cljs  ----[0m
[0mCompiling "main.js" from ["src"]...[0m
[32mSuccessfully compiled "main.js" in 0.584 seconds.[0m
notifying browser that file changed:  out\hello_seymore\core.js
[0mCompiling "main.js" from ["src"]...[0m
[31mFailed to compile "main.js" in 0.17 seconds.[0m
[36m----  Could not Read  src/hello_seymore/core.cljs   line:5  column:21  ----[0m

  [1mInvalid token: async/[0m

  [36m3[0m  [36m            [cljs.core.async :as async]))[0m
  [36m4[0m  [36m[0m
  [33m5[0m  [1m(def channel (async/))[0m
  [0m [0m  [33m                    ^--- Invalid token: async/[0m
  [36m6[0m  [36m(defonce app-state (atom {:likes 1001}))[0m
  [36m7[0m  [36m[0m
  [36m8[0m  [36m(defn render! [][0m

[36m----  Reader Error : Please see src/hello_seymore/core.cljs  ----[0m
[0mCompiling "main.js" from ["src"]...[0m
[32mSuccessfully compiled "main.js" in 1.554 seconds.[0m
notifying browser that file changed:  out\hello_seymore\core.js
[0mCompiling "main.js" from ["src"]...[0m
[36m----  Compiler Warning on   src/hello_seymore/core.cljs   line:5  column:15  ----[0m

  [1mUse of undeclared Var cljs.core.async/ch[0m

  [36m 1[0m  [36m(ns hello-seymore.core[0m
  [36m 2[0m  [36m  (:require [hello-seymore.components :refer [like-seymore simple-div]][0m
  [36m 3[0m  [36m            [cljs.core.async :as async]))[0m
  [36m 4[0m  [36m[0m
  [33m 5[0m  [1m(def channel (async/ch))[0m
  [0m  [0m  [33m              ^--- Use of undeclared Var cljs.core.async/ch[0m
  [36m 6[0m  [36m(defonce app-state (atom {:likes 1001}))[0m
  [36m 7[0m  [36m[0m
  [36m 8[0m  [36m(defn render! [][0m
  [36m 9[0m  [36m  (.render js/ReactDOM[0m
  [36m10[0m  [36m           (simple-div app-state)[0m

[36m----  Compiler Warning : Please see src/hello_seymore/core.cljs  ----[0m
[32mSuccessfully compiled "main.js" in 1.532 seconds.[0m
notifying browser that file changed:  out\hello_seymore\core.js
[0mCompiling "main.js" from ["src"]...[0m
[32mSuccessfully compiled "main.js" in 1.293 seconds.[0m
notifying browser that file changed:  out\hello_seymore\core.js
[0mCompiling "main.js" from ["src"]...[0m
[36m----  Compiler Warning on   src/hello_seymore/core.cljs   line:6  column:2  ----[0m

  [1mUse of undeclared Var cljs.core.async/go[0m

  [36m 2[0m  [36m  (:require [hello-seymore.components :refer [like-seymore simple-div]][0m
  [36m 3[0m  [36m            [cljs.core.async :as async]))[0m
  [36m 4[0m  [36m[0m
  [36m 5[0m  [36m(def c (async/chan))[0m
  [33m 6[0m  [1m(async/go )[0m
  [0m  [0m  [33m ^--- Use of undeclared Var cljs.core.async/go[0m
  [36m 7[0m  [36m[0m
  [36m 8[0m  [36m(defonce app-state (atom {:likes 1001}))[0m
  [36m 9[0m  [36m[0m
  [36m10[0m  [36m(defn render! [][0m
  [36m11[0m  [36m  (.render js/ReactDOM[0m

[36m----  Compiler Warning : Please see src/hello_seymore/core.cljs  ----[0m
[32mSuccessfully compiled "main.js" in 0.911 seconds.[0m
notifying browser that file changed:  out\hello_seymore\core.js
[0mCompiling "main.js" from ["src"]...[0m
[31mFailed to compile "main.js" in 0.422 seconds.[0m
[36m----  Could not Read  src/hello_seymore/core.cljs   line:6  column:17  ----[0m

  [1mInvalid token: async/macros/go[0m

  [36m5[0m  [36m(def c (async/chan))[0m
  [33m6[0m  [1m(async/macros/go  )[0m
  [0m [0m  [33m                ^--- Invalid token: async/macros/go[0m
  [36m7[0m  [36m[0m
  [36m8[0m  [36m(defonce app-state (atom {:likes 1001}))[0m

[36m----  Reader Error : Please see src/hello_seymore/core.cljs  ----[0m
[0mCompiling "main.js" from ["src"]...[0m
[31mFailed to compile "main.js" in 0.138 seconds.[0m
[36m----  Could not Analyze  src/hello_seymore/core.cljs   line:1  column:1  ----[0m

  [1mOnly :as alias, :refer (names) and :rename {from to} options supported in :require; offending spec: (quote [cljs.core.async :as async :refer [<! >! <!! timeout chan alt! go]]) at line 1 src\hello_seymore\core.cljs[0m

  [33m1[0m  [1m(ns hello-seymore.core[0m
  [0m [0m  [33m^--- Only :as alias, :refer (names) and :rename {from to} options supported in :require; offending spec: (quote [cljs.core.async :as async :refer [<! >! <!! timeout chan alt! go]]) at line 1 src\hello_seymore\core.cljs[0m
  [36m2[0m  [36m  (:require [hello-seymore.components :refer [like-seymore simple-div]][0m
  [36m3[0m  [36m            '[cljs.core.async :as async :refer [<! >! <!! timeout chan alt! go]]))[0m

[36m----  Analysis Error : Please see src/hello_seymore/core.cljs  ----[0m
[0mCompiling "main.js" from ["src"]...[0m
[31mFailed to compile "main.js" in 0.065 seconds.[0m
[36m----  Could not Analyze  src/hello_seymore/core.cljs   line:1  column:1  ----[0m

  [1mOnly :as alias, :refer (names) and :rename {from to} options supported in :require; offending spec: (quote [cljs.core.async :as async :refer [<! >! <!! timeout chan alt!]]) at line 1 src\hello_seymore\core.cljs[0m

  [33m1[0m  [1m(ns hello-seymore.core[0m
  [0m [0m  [33m^--- Only :as alias, :refer (names) and :rename {from to} options supported in :require; offending spec: (quote [cljs.core.async :as async :refer [<! >! <!! timeout chan alt!]]) at line 1 src\hello_seymore\core.cljs[0m
  [36m2[0m  [36m  (:require [hello-seymore.components :refer [like-seymore simple-div]][0m
  [36m3[0m  [36m            '[cljs.core.async :as async :refer [<! >! <!! timeout chan alt!]]))[0m

[36m----  Analysis Error : Please see src/hello_seymore/core.cljs  ----[0m
[0mCompiling "main.js" from ["src"]...[0m
[32mSuccessfully compiled "main.js" in 0.526 seconds.[0m
notifying browser that file changed:  out\hello_seymore\core.js
[0mCompiling "main.js" from ["src"]...[0m
[32mSuccessfully compiled "main.js" in 0.388 seconds.[0m
notifying browser that file changed:  out\hello_seymore\core.js
[0mCompiling "main.js" from ["src"]...[0m
[31mFailed to compile "main.js" in 0.258 seconds.[0m
[36m----  Could not Analyze  src/hello_seymore/core.cljs  ----[0m

  [1mNo such namespace: cljs.core.async.macros, could not locate cljs/core/async/macros.cljs, cljs/core/async/macros.cljc, or Closure namespace "cljs.core.async.macros" [0m

[36m----  Analysis Error : Please see src/hello_seymore/core.cljs  ----[0m
[0mCompiling "main.js" from ["src"]...[0m
[32mSuccessfully compiled "main.js" in 0.601 seconds.[0m
notifying browser that file changed:  out\hello_seymore\core.js
[0mCompiling "main.js" from ["src"]...[0m
[32mSuccessfully compiled "main.js" in 0.458 seconds.[0m
notifying browser that file changed:  out\hello_seymore\core.js
[0mCompiling "main.js" from ["src"]...[0m
[32mSuccessfully compiled "main.js" in 0.488 seconds.[0m
notifying browser that file changed:  out\hello_seymore\core.js
notifying browser that file changed:  out\hello_seymore\components.js
[0mCompiling "main.js" from ["src"]...[0m
[32mSuccessfully compiled "main.js" in 0.561 seconds.[0m
notifying browser that file changed:  out/goog/deps.js
notifying browser that file changed:  out/cljs_deps.js
notifying browser that file changed:  out\hello_seymore\core.js
[0mCompiling "main.js" from ["src"]...[0m
[32mSuccessfully compiled "main.js" in 0.565 seconds.[0m
notifying browser that file changed:  out/cljs_deps.js
notifying browser that file changed:  out\hello_seymore\core.js
[0mCompiling "main.js" from ["src"]...[0m
[32mSuccessfully compiled "main.js" in 0.412 seconds.[0m
notifying browser that file changed:  out/cljs_deps.js
notifying browser that file changed:  out\hello_seymore\core.js
[0mCompiling "main.js" from ["src"]...[0m
[32mSuccessfully compiled "main.js" in 0.482 seconds.[0m
notifying browser that file changed:  out\hello_seymore\core.js
[0mCompiling "main.js" from ["src"]...[0m
[36m----  Compiler Warning on   src/hello_seymore/core.cljs   line:26  column:1  ----[0m

  [1mWrong number of args (0) passed to hello-seymore.core/render![0m

  [36m22[0m  [36m           (.getElementById js/document "app")))[0m
  [36m23[0m  [36m[0m
  [36m24[0m  [36m;(add-watch app-state :on-change (fn [_ _ _ _] (render!)))[0m
  [36m25[0m  [36m[0m
  [33m26[0m  [1m(render!)[0m
  [0m  [0m  [33m^--- Wrong number of args (0) passed to hello-seymore.core/render![0m

[36m----  Compiler Warning : Please see src/hello_seymore/core.cljs  ----[0m
[32mSuccessfully compiled "main.js" in 0.699 seconds.[0m
notifying browser that file changed:  out\hello_seymore\components.js
[0mCompiling "main.js" from ["src"]...[0m
[32mSuccessfully compiled "main.js" in 0.516 seconds.[0m
notifying browser that file changed:  out\hello_seymore\core.js
[0mCompiling "main.js" from ["src"]...[0m
[36m----  Compiler Warning on   src/hello_seymore/core.cljs   line:13  column:6  ----[0m

  [1mUse of undeclared Var hello-seymore.core/!>[0m

  [36m10[0m  [36m(go[0m
  [36m11[0m  [36m  (while true[0m
  [36m12[0m  [36m    (<! (timeout 500))[0m
  [33m13[0m  [1m    (!> c (rand-int 100))))[0m
  [0m  [0m  [33m     ^--- Use of undeclared Var hello-seymore.core/!>[0m
  [36m14[0m  [36m[0m
  [36m15[0m  [36m(defn render! [r-number][0m
  [36m16[0m  [36m  (.render js/ReactDOM[0m
  [36m17[0m  [36m           (counter r-number)[0m
  [36m18[0m  [36m           (.getElementById js/document "app")))[0m

[36m----  Compiler Warning : Please see src/hello_seymore/core.cljs  ----[0m
[36m----  Compiler Warning on   src/hello_seymore/core.cljs   line:23  column:6  ----[0m

  [1mUse of undeclared Var hello-seymore.core/!render[0m

  [36m21[0m  [36m(go[0m
  [36m22[0m  [36m  (while true[0m
  [33m23[0m  [1m    (!render (<! c))))[0m
  [0m  [0m  [33m     ^--- Use of undeclared Var hello-seymore.core/!render[0m
  [36m24[0m  [36m[0m
  [36m25[0m  [36m;(add-watch app-state :on-change (fn [_ _ _ _] (render!)))[0m
  [36m26[0m  [36m[0m
  [36m27[0m  [36m(render! 0)[0m

[36m----  Compiler Warning : Please see src/hello_seymore/core.cljs  ----[0m
[32mSuccessfully compiled "main.js" in 0.549 seconds.[0m
notifying browser that file changed:  out\hello_seymore\core.js
notifying browser that file changed:  out\hello_seymore\components.js
[0mCompiling "main.js" from ["src"]...[0m
[36m----  Compiler Warning on   src/hello_seymore/core.cljs   line:23  column:6  ----[0m

  [1mUse of undeclared Var hello-seymore.core/!render[0m

  [36m21[0m  [36m(go[0m
  [36m22[0m  [36m  (while true[0m
  [33m23[0m  [1m    (!render (<! c))))[0m
  [0m  [0m  [33m     ^--- Use of undeclared Var hello-seymore.core/!render[0m
  [36m24[0m  [36m[0m
  [36m25[0m  [36m;(add-watch app-state :on-change (fn [_ _ _ _] (render!)))[0m
  [36m26[0m  [36m[0m
  [36m27[0m  [36m(render! 0)[0m

[36m----  Compiler Warning : Please see src/hello_seymore/core.cljs  ----[0m
[32mSuccessfully compiled "main.js" in 0.507 seconds.[0m
notifying browser that file changed:  out\hello_seymore\core.js
[0mCompiling "main.js" from ["src"]...[0m
[32mSuccessfully compiled "main.js" in 0.375 seconds.[0m
notifying browser that file changed:  out/cljs_deps.js
notifying browser that file changed:  out\hello_seymore\core.js
[0mCompiling "main.js" from ["src"]...[0m
[32mSuccessfully compiled "main.js" in 0.393 seconds.[0m
notifying browser that file changed:  out\hello_seymore\core.js
[0mCompiling "main.js" from ["src"]...[0m
[32mSuccessfully compiled "main.js" in 0.428 seconds.[0m
notifying browser that file changed:  out/cljs_deps.js
notifying browser that file changed:  out\hello_seymore\core.js
[0mCompiling "main.js" from ["src"]...[0m
[32mSuccessfully compiled "main.js" in 0.711 seconds.[0m
notifying browser that file changed:  out\hello_seymore\components.js
[0mCompiling "main.js" from ["src"]...[0m
[31mFailed to compile "main.js" in 0.212 seconds.[0m
[36m----  Could not Read  src/hello_seymore/components.cljs   line:17  column:17  ----[0m

  [1mMap literal must contain an even number of forms[0m

  [36m16[0m  [36m(defn process [][0m
  [33m17[0m  [1m  [:li {:class }])[0m
  [0m  [0m  [33m                ^--- Map literal must contain an even number of forms[0m

[36m----  Reader Error : Please see src/hello_seymore/components.cljs  ----[0m
[0mCompiling "main.js" from ["src"]...[0m
[32mSuccessfully compiled "main.js" in 0.536 seconds.[0m
notifying browser that file changed:  out\hello_seymore\components.js
[0mCompiling "main.js" from ["src"]...[0m
[32mSuccessfully compiled "main.js" in 0.483 seconds.[0m
notifying browser that file changed:  out\hello_seymore\components.js
[0mCompiling "main.js" from ["src"]...[0m
[36m----  Compiler Warning on   src/hello_seymore/core.cljs   line:21  column:1  ----[0m

  [1mWrong number of args (0) passed to hello-seymore.core/render![0m

  [36m18[0m  [36m           (.getElementById js/document "app")))[0m
  [36m19[0m  [36m[0m
  [36m20[0m  [36m[0m
  [33m21[0m  [1m(go[0m
  [0m  [0m  [33m^--- Wrong number of args (0) passed to hello-seymore.core/render![0m
  [36m22[0m  [36m  (loop [q []][0m
  [36m23[0m  [36m    (render!)))[0m
  [36m24[0m  [36m[0m
  [36m25[0m  [36m;(add-watch app-state :on-change (fn [_ _ _ _] (render!)))[0m

[36m----  Compiler Warning : Please see src/hello_seymore/core.cljs  ----[0m
[32mSuccessfully compiled "main.js" in 0.71 seconds.[0m
notifying browser that file changed:  out\hello_seymore\components.js
Notifyng browser that CSS file changed: css/style.css
Notifyng browser that CSS file changed: css/style.css
Notifyng browser that CSS file changed: css/style.css
[0mCompiling "main.js" from ["src"]...[0m
[32mSuccessfully compiled "main.js" in 0.51 seconds.[0m
notifying browser that file changed:  out/cljs_deps.js
notifying browser that file changed:  out\hello_seymore\core.js
Notifyng browser that CSS file changed: css/style.css
Notifyng browser that CSS file changed: css/style.css
[0mCompiling "main.js" from ["src"]...[0m
[32mSuccessfully compiled "main.js" in 0.42 seconds.[0m
notifying browser that file changed:  out/cljs_deps.js
notifying browser that file changed:  out\hello_seymore\core.js
[0mCompiling "main.js" from ["src"]...[0m
[32mSuccessfully compiled "main.js" in 0.469 seconds.[0m
notifying browser that file changed:  out/cljs_deps.js
notifying browser that file changed:  out\hello_seymore\components.js
Notifyng browser that CSS file changed: css/style.css
Notifyng browser that CSS file changed: css/style.css
[0mCompiling "main.js" from ["src"]...[0m
[32mSuccessfully compiled "main.js" in 0.429 seconds.[0m
notifying browser that file changed:  out/cljs_deps.js
notifying browser that file changed:  out\hello_seymore\core.js
[0mCompiling "main.js" from ["src"]...[0m
[32mSuccessfully compiled "main.js" in 0.425 seconds.[0m
notifying browser that file changed:  out/cljs_deps.js
notifying browser that file changed:  out\hello_seymore\components.js
[0mCompiling "main.js" from ["src"]...[0m
[32mSuccessfully compiled "main.js" in 0.362 seconds.[0m
notifying browser that file changed:  out\hello_seymore\core.js
[0mCompiling "main.js" from ["src"]...[0m
[32mSuccessfully compiled "main.js" in 0.381 seconds.[0m
notifying browser that file changed:  out\hello_seymore\components.js
Notifyng browser that CSS file changed: css/style.css
Notifyng browser that CSS file changed: css/style.css
Notifyng browser that CSS file changed: css/style.css
Notifyng browser that CSS file changed: css/style.css
Notifyng browser that CSS file changed: css/style.css
Notifyng browser that CSS file changed: css/style.css
Notifyng browser that CSS file changed: css/style.css
[0mCompiling "main.js" from ["src"]...[0m
[32mSuccessfully compiled "main.js" in 0.537 seconds.[0m
notifying browser that file changed:  out\hello_seymore\components.js
Notifyng browser that CSS file changed: css/style.css
Notifyng browser that CSS file changed: css/style.css
[0mCompiling "main.js" from ["src"]...[0m
[36m----  Compiler Warning on   src/hello_seymore/core.cljs   line:25  column:33  ----[0m

  [1mUse of undeclared Var hello-seymore.core/peekn[0m

  [36m22[0m  [36m(go[0m
  [36m23[0m  [36m  (loop [q []][0m
  [36m24[0m  [36m    (render! q)[0m
  [33m25[0m  [1m    (recur (-> (conj q (<! c)) (peekn )))))[0m
  [0m  [0m  [33m                                ^--- Use of undeclared Var hello-seymore.core/peekn[0m
  [36m26[0m  [36m[0m
  [36m27[0m  [36m;(add-watch app-state :on-change (fn [_ _ _ _] (render!)))[0m

[36m----  Compiler Warning : Please see src/hello_seymore/core.cljs  ----[0m
[32mSuccessfully compiled "main.js" in 0.541 seconds.[0m
notifying browser that file changed:  out\hello_seymore\core.js
[0mCompiling "main.js" from ["src"]...[0m
[32mSuccessfully compiled "main.js" in 0.48 seconds.[0m
notifying browser that file changed:  out\hello_seymore\core.js
[0mCompiling "main.js" from ["src"]...[0m
[32mSuccessfully compiled "main.js" in 0.453 seconds.[0m
notifying browser that file changed:  out\hello_seymore\core.js
[0mCompiling "main.js" from ["src"]...[0m
[32mSuccessfully compiled "main.js" in 0.429 seconds.[0m
notifying browser that file changed:  out/cljs_deps.js
notifying browser that file changed:  out\hello_seymore\core.js
[0mCompiling "main.js" from ["src"]...[0m
[32mSuccessfully compiled "main.js" in 0.397 seconds.[0m
notifying browser that file changed:  out/cljs_deps.js
notifying browser that file changed:  out\hello_seymore\core.js
[0mCompiling "main.js" from ["src"]...[0m
[32mSuccessfully compiled "main.js" in 0.463 seconds.[0m
notifying browser that file changed:  out\hello_seymore\core.js
notifying browser that file changed:  out\hello_seymore\components.js
[0mCompiling "main.js" from ["src"]...[0m
[32mSuccessfully compiled "main.js" in 0.491 seconds.[0m
notifying browser that file changed:  out\hello_seymore\components.js
[0mCompiling "main.js" from ["src"]...[0m
[32mSuccessfully compiled "main.js" in 0.41 seconds.[0m
notifying browser that file changed:  out\hello_seymore\core.js
[0mCompiling "main.js" from ["src"]...[0m
[32mSuccessfully compiled "main.js" in 0.461 seconds.[0m
notifying browser that file changed:  out\hello_seymore\core.js
[0mCompiling "main.js" from ["src"]...[0m
[32mSuccessfully compiled "main.js" in 0.471 seconds.[0m
notifying browser that file changed:  out\hello_seymore\components.js
[0mCompiling "main.js" from ["src"]...[0m
[32mSuccessfully compiled "main.js" in 1.316 seconds.[0m
notifying browser that file changed:  out/cljs_deps.js
notifying browser that file changed:  out\hello_seymore\components.js
[0mCompiling "main.js" from ["src"]...[0m
[32mSuccessfully compiled "main.js" in 0.905 seconds.[0m
notifying browser that file changed:  out/cljs_deps.js
notifying browser that file changed:  out\hello_seymore\core.js
[0mCompiling "main.js" from ["src"]...[0m
[32mSuccessfully compiled "main.js" in 0.601 seconds.[0m
notifying browser that file changed:  out\hello_seymore\core.js
[0mCompiling "main.js" from ["src"]...[0m
[32mSuccessfully compiled "main.js" in 0.421 seconds.[0m
notifying browser that file changed:  out/cljs_deps.js
notifying browser that file changed:  out\hello_seymore\core.js
[0mCompiling "main.js" from ["src"]...[0m
[32mSuccessfully compiled "main.js" in 0.394 seconds.[0m
notifying browser that file changed:  out/cljs_deps.js
notifying browser that file changed:  out\hello_seymore\core.js
[0mCompiling "main.js" from ["src"]...[0m
[31mFailed to compile "main.js" in 0.162 seconds.[0m
[36m----  Could not Analyze  src/hello_seymore/core.cljs  ----[0m

  [1mInvalid :refer, var cljs.core.async/>!! does not exist [0m

[36m----  Analysis Error : Please see src/hello_seymore/core.cljs  ----[0m
[0mCompiling "main.js" from ["src"]...[0m
[31mFailed to compile "main.js" in 0.31 seconds.[0m
[36m----  Could not Analyze  src/hello_seymore/core.cljs  ----[0m

  [1mInvalid :refer, var cljs.core.async/>!! does not exist [0m

[36m----  Analysis Error : Please see src/hello_seymore/core.cljs  ----[0m
[0mCompiling "main.js" from ["src"]...[0m
[31mFailed to compile "main.js" in 0.244 seconds.[0m
[36m----  Could not Analyze  src/hello_seymore/core.cljs  ----[0m

  [1mInvalid :refer, var cljs.core.async/>!! does not exist [0m

[36m----  Analysis Error : Please see src/hello_seymore/core.cljs  ----[0m
[0mCompiling "main.js" from ["src"]...[0m
[31mFailed to compile "main.js" in 0.177 seconds.[0m
[36m----  Could not Analyze  src/hello_seymore/core.cljs  ----[0m

  [1mInvalid :refer, var cljs.core.async/>!! does not exist [0m

[36m----  Analysis Error : Please see src/hello_seymore/core.cljs  ----[0m
[0mCompiling "main.js" from ["src"]...[0m
[31mFailed to compile "main.js" in 0.223 seconds.[0m
[36m----  Could not Analyze  src/hello_seymore/core.cljs  ----[0m

  [1mInvalid :refer, var cljs.core.async/>!! does not exist [0m

[36m----  Analysis Error : Please see src/hello_seymore/core.cljs  ----[0m
[0mCompiling "main.js" from ["src"]...[0m
[31mFailed to compile "main.js" in 0.236 seconds.[0m
[36m----  Could not Analyze  src/hello_seymore/core.cljs  ----[0m

  [1mInvalid :refer, var cljs.core.async/>!! does not exist [0m

[36m----  Analysis Error : Please see src/hello_seymore/core.cljs  ----[0m
[0mCompiling "main.js" from ["src"]...[0m
[31mFailed to compile "main.js" in 0.165 seconds.[0m
[36m----  Could not Analyze  src/hello_seymore/core.cljs  ----[0m

  [1mInvalid :refer, var cljs.core.async/>!! does not exist [0m

[36m----  Analysis Error : Please see src/hello_seymore/core.cljs  ----[0m
[0mCompiling "main.js" from ["src"]...[0m
[31mFailed to compile "main.js" in 0.133 seconds.[0m
[36m----  Could not Analyze  src/hello_seymore/core.cljs  ----[0m

  [1mInvalid :refer, var cljs.core.async/>!! does not exist [0m

[36m----  Analysis Error : Please see src/hello_seymore/core.cljs  ----[0m
[0mCompiling "main.js" from ["src"]...[0m
[31mFailed to compile "main.js" in 0.141 seconds.[0m
[36m----  Could not Analyze  src/hello_seymore/core.cljs  ----[0m

  [1mInvalid :refer, var cljs.core.async/>!! does not exist [0m

[36m----  Analysis Error : Please see src/hello_seymore/core.cljs  ----[0m
[0mCompiling "main.js" from ["src"]...[0m
[31mFailed to compile "main.js" in 0.143 seconds.[0m
[36m----  Could not Analyze  src/hello_seymore/core.cljs  ----[0m

  [1mInvalid :refer, var cljs.core.async/>!! does not exist [0m

[36m----  Analysis Error : Please see src/hello_seymore/core.cljs  ----[0m
[0mCompiling "main.js" from ["src"]...[0m
[32mSuccessfully compiled "main.js" in 0.509 seconds.[0m
notifying browser that file changed:  out/cljs_deps.js
notifying browser that file changed:  out\hello_seymore\core.js
[0mCompiling "main.js" from ["src"]...[0m
[32mSuccessfully compiled "main.js" in 0.389 seconds.[0m
notifying browser that file changed:  out\hello_seymore\core.js
[0mCompiling "main.js" from ["src"]...[0m
[32mSuccessfully compiled "main.js" in 0.419 seconds.[0m
notifying browser that file changed:  out\hello_seymore\core.js
[0mCompiling "main.js" from ["src"]...[0m
[32mSuccessfully compiled "main.js" in 0.434 seconds.[0m
notifying browser that file changed:  out\hello_seymore\core.js
[0mCompiling "main.js" from ["src"]...[0m
[32mSuccessfully compiled "main.js" in 0.492 seconds.[0m
notifying browser that file changed:  out/cljs_deps.js
notifying browser that file changed:  out\hello_seymore\core.js
[0mCompiling "main.js" from ["src"]...[0m
[32mSuccessfully compiled "main.js" in 0.452 seconds.[0m
notifying browser that file changed:  out/cljs_deps.js
notifying browser that file changed:  out\hello_seymore\core.js
[0mCompiling "main.js" from ["src"]...[0m
[32mSuccessfully compiled "main.js" in 0.432 seconds.[0m
notifying browser that file changed:  out\hello_seymore\core.js
[0mCompiling "main.js" from ["src"]...[0m
[32mSuccessfully compiled "main.js" in 0.412 seconds.[0m
notifying browser that file changed:  out\hello_seymore\core.js
[0mCompiling "main.js" from ["src"]...[0m
[32mSuccessfully compiled "main.js" in 0.417 seconds.[0m
notifying browser that file changed:  out\hello_seymore\core.js
[0mCompiling "main.js" from ["src"]...[0m
[32mSuccessfully compiled "main.js" in 0.723 seconds.[0m
notifying browser that file changed:  out\hello_seymore\core.js
[0mCompiling "main.js" from ["src"]...[0m
[32mSuccessfully compiled "main.js" in 0.481 seconds.[0m
notifying browser that file changed:  out\hello_seymore\core.js
[0mCompiling "main.js" from ["src"]...[0m
[32mSuccessfully compiled "main.js" in 0.535 seconds.[0m
notifying browser that file changed:  out\hello_seymore\core.js
[0mCompiling "main.js" from ["src"]...[0m
[32mSuccessfully compiled "main.js" in 0.803 seconds.[0m
notifying browser that file changed:  out/goog/deps.js
notifying browser that file changed:  out/cljs_deps.js
notifying browser that file changed:  out\hello_seymore\core.js
[0mCompiling "main.js" from ["src"]...[0m
[32mSuccessfully compiled "main.js" in 0.688 seconds.[0m
notifying browser that file changed:  out/cljs_deps.js
notifying browser that file changed:  out\hello_seymore\core.js
[0mCompiling "main.js" from ["src"]...[0m
[32mSuccessfully compiled "main.js" in 0.546 seconds.[0m
notifying browser that file changed:  out/cljs_deps.js
notifying browser that file changed:  out\hello_seymore\core.js
[0mCompiling "main.js" from ["src"]...[0m
[31mFailed to compile "main.js" in 0.237 seconds.[0m
[36m----  Could not Analyze  src/hello_seymore/core.cljs  ----[0m

  [1mInvalid :refer, macro cljs.core.async.macros/>!! does not exist [0m

[36m----  Analysis Error : Please see src/hello_seymore/core.cljs  ----[0m
[0mCompiling "main.js" from ["src"]...[0m
[32mSuccessfully compiled "main.js" in 0.466 seconds.[0m
notifying browser that file changed:  out\hello_seymore\core.js
[0mCompiling "main.js" from ["src"]...[0m
[36m----  Compiler Warning on   src/hello_seymore/core.cljs   line:83  column:1  ----[0m

  [1mrunning at line 65 is being replaced[0m

  [36m79[0m  [36m  (.render js/ReactDOM[0m
  [36m80[0m  [36m           (lane l)[0m
  [36m81[0m  [36m           (.getElementById js/document "app")))[0m
  [36m82[0m  [36m[0m
  [33m83[0m  [1m(defn running [{:keys [speed lane], :as runner}][0m
  [0m  [0m  [33m^--- running at line 65 is being replaced[0m
  [36m84[0m  [36m  (let [l (last lane)][0m
  [36m85[0m  [36m    (<! (timeout speed))[0m
  [36m86[0m  [36m    (>! c lane)[0m
  [36m87[0m  [36m    (if (not= l "-")[0m
  [36m88[0m  [36m      (do (async/close! c)[0m

[36m----  Compiler Warning : Please see src/hello_seymore/core.cljs  ----[0m
[32mSuccessfully compiled "main.js" in 0.666 seconds.[0m
notifying browser that file changed:  out\hello_seymore\core.js
[0mCompiling "main.js" from ["src"]...[0m
[36m----  Compiler Warning on   src/hello_seymore/core.cljs   line:83  column:1  ----[0m

  [1mrunning at line 65 is being replaced[0m

  [36m79[0m  [36m  (.render js/ReactDOM[0m
  [36m80[0m  [36m           (lane l)[0m
  [36m81[0m  [36m           (.getElementById js/document "app")))[0m
  [36m82[0m  [36m[0m
  [33m83[0m  [1m(defn running [{:keys [speed lane], :as runner}][0m
  [0m  [0m  [33m^--- running at line 65 is being replaced[0m
  [36m84[0m  [36m  (let [l (last lane)][0m
  [36m85[0m  [36m    (<! (timeout speed))[0m
  [36m86[0m  [36m    (>! c lane)[0m
  [36m87[0m  [36m    (if (not= l "-")[0m
  [36m88[0m  [36m      (do (async/close! c)[0m

[36m----  Compiler Warning : Please see src/hello_seymore/core.cljs  ----[0m
[32mSuccessfully compiled "main.js" in 0.654 seconds.[0m
notifying browser that file changed:  out\hello_seymore\core.js
[0mCompiling "main.js" from ["src"]...[0m
[32mSuccessfully compiled "main.js" in 0.494 seconds.[0m
notifying browser that file changed:  out\hello_seymore\core.js
[0mCompiling "main.js" from ["src"]...[0m
[36m----  Compiler Warning on   src/hello_seymore/core.cljs   line:99  column:24  ----[0m

  [1mUse of undeclared Var hello-seymore.core/running[0m

  [36m95[0m  [36m                   (take-step)[0m
  [36m96[0m  [36m                   (update-runner r)))))))[0m
  [36m97[0m  [36m[0m
  [36m98[0m  [36m[0m
  [33m99[0m  [1m(.log js/console (str (running (runner {:name "Usain" :speed 1500}))))[0m
  [0m  [0m  [33m                       ^--- Use of undeclared Var hello-seymore.core/running[0m

[36m----  Compiler Warning : Please see src/hello_seymore/core.cljs  ----[0m
[32mSuccessfully compiled "main.js" in 0.526 seconds.[0m
notifying browser that file changed:  out\hello_seymore\core.js
[0mCompiling "main.js" from ["src"]...[0m
[32mSuccessfully compiled "main.js" in 0.494 seconds.[0m
notifying browser that file changed:  out\hello_seymore\core.js
[0mCompiling "main.js" from ["src"]...[0m
[32mSuccessfully compiled "main.js" in 0.458 seconds.[0m
notifying browser that file changed:  out\hello_seymore\core.js
[0mCompiling "main.js" from ["src"]...[0m
[32mSuccessfully compiled "main.js" in 0.503 seconds.[0m
notifying browser that file changed:  out\hello_seymore\core.js
[0mCompiling "main.js" from ["src"]...[0m
[31mFailed to compile "main.js" in 0.169 seconds.[0m
[36m----  Could not Analyze  src/hello_seymore/core.cljs   line:68  column:1  ----[0m

  [1mloop requires an even number of forms in binding vector[0m

  [36m66[0m  [36m           (.getElementById js/document "app")))[0m
  [36m67[0m  [36m[0m
  [33m68[0m  [1m(go[0m
  [0m  [0m  [33m^--- loop requires an even number of forms in binding vector[0m
  [36m69[0m  [36m  (loop [{:keys [lane speed]}][0m
  [36m70[0m  [36m    (let [l (last lane)][0m
  [36m71[0m  [36m      (<! (timeout speed))[0m

[36m----  Analysis Error : Please see src/hello_seymore/core.cljs  ----[0m
[0mCompiling "main.js" from ["src"]...[0m
[31mFailed to compile "main.js" in 0.169 seconds.[0m
[36m----  Could not Analyze  src/hello_seymore/core.cljs   line:68  column:1  ----[0m

  [1mloop requires an even number of forms in binding vector[0m

  [36m66[0m  [36m           (.getElementById js/document "app")))[0m
  [36m67[0m  [36m[0m
  [33m68[0m  [1m(go[0m
  [0m  [0m  [33m^--- loop requires an even number of forms in binding vector[0m
  [36m69[0m  [36m  (loop [{:keys [lane speed], :as r}][0m
  [36m70[0m  [36m    (let [l (last lane)][0m
  [36m71[0m  [36m      (<! (timeout speed))[0m

[36m----  Analysis Error : Please see src/hello_seymore/core.cljs  ----[0m
[0mCompiling "main.js" from ["src"]...[0m
[31mFailed to compile "main.js" in 0.197 seconds.[0m
[36m----  Could not Analyze  src/hello_seymore/core.cljs   line:68  column:1  ----[0m

  [1mloop requires an even number of forms in binding vector[0m

  [36m66[0m  [36m           (.getElementById js/document "app")))[0m
  [36m67[0m  [36m[0m
  [33m68[0m  [1m(go[0m
  [0m  [0m  [33m^--- loop requires an even number of forms in binding vector[0m
  [36m69[0m  [36m  (loop [{:keys [lane speed], :as r} ][0m
  [36m70[0m  [36m    (let [l (last lane)][0m
  [36m71[0m  [36m      (<! (timeout speed))[0m

[36m----  Analysis Error : Please see src/hello_seymore/core.cljs  ----[0m
[0mCompiling "main.js" from ["src"]...[0m
[36m----  Compiler Warning on   src/hello_seymore/core.cljs   line:69  column:38  ----[0m

  [1mUse of undeclared Var hello-seymore.core/ru[0m

  [36m65[0m  [36m           (lane l)[0m
  [36m66[0m  [36m           (.getElementById js/document "app")))[0m
  [36m67[0m  [36m[0m
  [36m68[0m  [36m(go[0m
  [33m69[0m  [1m  (loop [{:keys [lane speed], :as r} ru][0m
  [0m  [0m  [33m                                     ^--- Use of undeclared Var hello-seymore.core/ru[0m
  [36m70[0m  [36m    (let [l (last lane)][0m
  [36m71[0m  [36m      (<! (timeout speed))[0m
  [36m72[0m  [36m      (render! lane)[0m
  [36m73[0m  [36m      (if (not= l "-")[0m
  [36m74[0m  [36m        lane[0m

[36m----  Compiler Warning : Please see src/hello_seymore/core.cljs  ----[0m
[36m----  Compiler Warning on   src/hello_seymore/core.cljs   line:69  column:38  ----[0m

  [1mUse of undeclared Var hello-seymore.core/ru[0m

  [36m65[0m  [36m           (lane l)[0m
  [36m66[0m  [36m           (.getElementById js/document "app")))[0m
  [36m67[0m  [36m[0m
  [36m68[0m  [36m(go[0m
  [33m69[0m  [1m  (loop [{:keys [lane speed], :as r} ru][0m
  [0m  [0m  [33m                                     ^--- Use of undeclared Var hello-seymore.core/ru[0m
  [36m70[0m  [36m    (let [l (last lane)][0m
  [36m71[0m  [36m      (<! (timeout speed))[0m
  [36m72[0m  [36m      (render! lane)[0m
  [36m73[0m  [36m      (if (not= l "-")[0m
  [36m74[0m  [36m        lane[0m

[36m----  Compiler Warning : Please see src/hello_seymore/core.cljs  ----[0m
[36m----  Compiler Warning on   src/hello_seymore/core.cljs   line:69  column:38  ----[0m

  [1mUse of undeclared Var hello-seymore.core/ru[0m

  [36m65[0m  [36m           (lane l)[0m
  [36m66[0m  [36m           (.getElementById js/document "app")))[0m
  [36m67[0m  [36m[0m
  [36m68[0m  [36m(go[0m
  [33m69[0m  [1m  (loop [{:keys [lane speed], :as r} ru][0m
  [0m  [0m  [33m                                     ^--- Use of undeclared Var hello-seymore.core/ru[0m
  [36m70[0m  [36m    (let [l (last lane)][0m
  [36m71[0m  [36m      (<! (timeout speed))[0m
  [36m72[0m  [36m      (render! lane)[0m
  [36m73[0m  [36m      (if (not= l "-")[0m
  [36m74[0m  [36m        lane[0m

[36m----  Compiler Warning : Please see src/hello_seymore/core.cljs  ----[0m
[36m----  Compiler Warning on   src/hello_seymore/core.cljs   line:69  column:38  ----[0m

  [1mUse of undeclared Var hello-seymore.core/ru[0m

  [36m65[0m  [36m           (lane l)[0m
  [36m66[0m  [36m           (.getElementById js/document "app")))[0m
  [36m67[0m  [36m[0m
  [36m68[0m  [36m(go[0m
  [33m69[0m  [1m  (loop [{:keys [lane speed], :as r} ru][0m
  [0m  [0m  [33m                                     ^--- Use of undeclared Var hello-seymore.core/ru[0m
  [36m70[0m  [36m    (let [l (last lane)][0m
  [36m71[0m  [36m      (<! (timeout speed))[0m
  [36m72[0m  [36m      (render! lane)[0m
  [36m73[0m  [36m      (if (not= l "-")[0m
  [36m74[0m  [36m        lane[0m

[36m----  Compiler Warning : Please see src/hello_seymore/core.cljs  ----[0m
[36m----  Compiler Warning on   src/hello_seymore/core.cljs   line:69  column:38  ----[0m

  [1mUse of undeclared Var hello-seymore.core/ru[0m

  [36m65[0m  [36m           (lane l)[0m
  [36m66[0m  [36m           (.getElementById js/document "app")))[0m
  [36m67[0m  [36m[0m
  [36m68[0m  [36m(go[0m
  [33m69[0m  [1m  (loop [{:keys [lane speed], :as r} ru][0m
  [0m  [0m  [33m                                     ^--- Use of undeclared Var hello-seymore.core/ru[0m
  [36m70[0m  [36m    (let [l (last lane)][0m
  [36m71[0m  [36m      (<! (timeout speed))[0m
  [36m72[0m  [36m      (render! lane)[0m
  [36m73[0m  [36m      (if (not= l "-")[0m
  [36m74[0m  [36m        lane[0m

[36m----  Compiler Warning : Please see src/hello_seymore/core.cljs  ----[0m
[36m----  Compiler Warning on   src/hello_seymore/core.cljs   line:69  column:38  ----[0m

  [1mUse of undeclared Var hello-seymore.core/ru[0m

  [36m65[0m  [36m           (lane l)[0m
  [36m66[0m  [36m           (.getElementById js/document "app")))[0m
  [36m67[0m  [36m[0m
  [36m68[0m  [36m(go[0m
  [33m69[0m  [1m  (loop [{:keys [lane speed], :as r} ru][0m
  [0m  [0m  [33m                                     ^--- Use of undeclared Var hello-seymore.core/ru[0m
  [36m70[0m  [36m    (let [l (last lane)][0m
  [36m71[0m  [36m      (<! (timeout speed))[0m
  [36m72[0m  [36m      (render! lane)[0m
  [36m73[0m  [36m      (if (not= l "-")[0m
  [36m74[0m  [36m        lane[0m

[36m----  Compiler Warning : Please see src/hello_seymore/core.cljs  ----[0m
[32mSuccessfully compiled "main.js" in 0.684 seconds.[0m
notifying browser that file changed:  out\hello_seymore\core.js
[0mCompiling "main.js" from ["src"]...[0m
[32mSuccessfully compiled "main.js" in 0.49 seconds.[0m
notifying browser that file changed:  out\hello_seymore\core.js
[0mCompiling "main.js" from ["src"]...[0m
[36m----  Compiler Warning on   src/hello_seymore/core.cljs   line:78  column:35  ----[0m

  [1mUse of undeclared Var hello-seymore.core/r[0m

  [36m74[0m  [36m        lane[0m
  [36m75[0m  [36m        (recur (-> lane[0m
  [36m76[0m  [36m                   (find-runner)[0m
  [36m77[0m  [36m                   (take-step)[0m
  [33m78[0m  [1m                   (update-runner r)))))))[0m
  [0m  [0m  [33m                                  ^--- Use of undeclared Var hello-seymore.core/r[0m
  [36m79[0m  [36m[0m
  [36m80[0m  [36m[0m
  [36m81[0m  [36m;(.log js/console (str (running (runner {:name "Usain" :speed 1500}))))[0m

[36m----  Compiler Warning : Please see src/hello_seymore/core.cljs  ----[0m
[32mSuccessfully compiled "main.js" in 0.575 seconds.[0m
notifying browser that file changed:  out\hello_seymore\core.js
[0mCompiling "main.js" from ["src"]...[0m
[32mSuccessfully compiled "main.js" in 0.48 seconds.[0m
notifying browser that file changed:  out\hello_seymore\core.js
[0mCompiling "main.js" from ["src"]...[0m
[32mSuccessfully compiled "main.js" in 0.525 seconds.[0m
notifying browser that file changed:  out\hello_seymore\core.js
[0mCompiling "main.js" from ["src"]...[0m
[32mSuccessfully compiled "main.js" in 0.964 seconds.[0m
notifying browser that file changed:  out\hello_seymore\components.js
[0mCompiling "main.js" from ["src"]...[0m
[32mSuccessfully compiled "main.js" in 0.579 seconds.[0m
notifying browser that file changed:  out\hello_seymore\core.js
[0mCompiling "main.js" from ["src"]...[0m
[36m----  Compiler Warning on   src/hello_seymore/core.cljs   line:86  column:3  ----[0m

  [1mWrong number of args (1) passed to hello-seymore.core/render![0m

  [36m83[0m  [36m(render!)[0m
  [36m84[0m  [36m[0m
  [36m85[0m  [36m(doseq [r runners][0m
  [33m86[0m  [1m  (go[0m
  [0m  [0m  [33m  ^--- Wrong number of args (1) passed to hello-seymore.core/render![0m
  [36m87[0m  [36m    (loop [{:keys [speed lane], :as r} r][0m
  [36m88[0m  [36m      (let [l (last lane)][0m
  [36m89[0m  [36m        (<! (timeout speed))[0m
  [36m90[0m  [36m        (render! lane)[0m
  [36m91[0m  [36m        (if (not= l "-")[0m

[36m----  Compiler Warning : Please see src/hello_seymore/core.cljs  ----[0m
[36m----  Compiler Warning on   src/hello_seymore/core.cljs   line:86  column:3  ----[0m

  [1mWrong number of args (1) passed to hello-seymore.core/render![0m

  [36m83[0m  [36m(render!)[0m
  [36m84[0m  [36m[0m
  [36m85[0m  [36m(doseq [r runners][0m
  [33m86[0m  [1m  (go[0m
  [0m  [0m  [33m  ^--- Wrong number of args (1) passed to hello-seymore.core/render![0m
  [36m87[0m  [36m    (loop [{:keys [speed lane], :as r} r][0m
  [36m88[0m  [36m      (let [l (last lane)][0m
  [36m89[0m  [36m        (<! (timeout speed))[0m
  [36m90[0m  [36m        (render! lane)[0m
  [36m91[0m  [36m        (if (not= l "-")[0m

[36m----  Compiler Warning : Please see src/hello_seymore/core.cljs  ----[0m
[32mSuccessfully compiled "main.js" in 0.647 seconds.[0m
notifying browser that file changed:  out\hello_seymore\core.js
[0mCompiling "main.js" from ["src"]...[0m
[32mSuccessfully compiled "main.js" in 0.662 seconds.[0m
notifying browser that file changed:  out/cljs_deps.js
notifying browser that file changed:  out\hello_seymore\core.js
[0mCompiling "main.js" from ["src"]...[0m
[36m----  Compiler Warning on   src/hello_seymore/core.cljs   line:87  column:3  ----[0m

  [1mWrong number of args (1) passed to cljs.core/reduce[0m

  [36m83[0m  [36m(render!)[0m
  [36m84[0m  [36m[0m
  [36m85[0m  [36m(defn update-runners[0m
  [36m86[0m  [36m  [runners runner][0m
  [33m87[0m  [1m  (reduce (fn [acc el][0m
  [0m  [0m  [33m  ^--- Wrong number of args (1) passed to cljs.core/reduce[0m
  [36m88[0m  [36m            )))[0m
  [36m89[0m  [36m[0m
  [36m90[0m  [36m(doseq [r runners][0m
  [36m91[0m  [36m  (go[0m
  [36m92[0m  [36m    (loop [{:keys [speed lane], :as r} r][0m

[36m----  Compiler Warning : Please see src/hello_seymore/core.cljs  ----[0m
[32mSuccessfully compiled "main.js" in 1.011 seconds.[0m
[0mCompiling "main.js" from ["src"]...[0m
[32mSuccessfully compiled "main.js" in 0.357 seconds.[0m
notifying browser that file changed:  out/cljs_deps.js
notifying browser that file changed:  out\hello_seymore\core.js
[0mCompiling "main.js" from ["src"]...[0m
[36m----  Compiler Warning on   src/hello_seymore/core.cljs   line:87  column:3  ----[0m

  [1mWrong number of args (1) passed to cljs.core/reduce[0m

  [36m83[0m  [36m(render!)[0m
  [36m84[0m  [36m[0m
  [36m85[0m  [36m(defn update-runners[0m
  [36m86[0m  [36m  [runners runner][0m
  [33m87[0m  [1m  (reduce (fn [acc el][0m
  [0m  [0m  [33m  ^--- Wrong number of args (1) passed to cljs.core/reduce[0m
  [36m88[0m  [36m            )))[0m
  [36m89[0m  [36m[0m
  [36m90[0m  [36m(doseq [r runners][0m
  [36m91[0m  [36m  (go[0m
  [36m92[0m  [36m    (loop [{:keys [speed lane], :as r} r][0m

[36m----  Compiler Warning : Please see src/hello_seymore/core.cljs  ----[0m
[32mSuccessfully compiled "main.js" in 0.675 seconds.[0m
notifying browser that file changed:  out/cljs_deps.js
notifying browser that file changed:  out\hello_seymore\core.js
[0mCompiling "main.js" from ["src"]...[0m
[32mSuccessfully compiled "main.js" in 1.797 seconds.[0m
notifying browser that file changed:  out/cljs_deps.js
notifying browser that file changed:  out\hello_seymore\core.js
[0mCompiling "main.js" from ["src"]...[0m
[32mSuccessfully compiled "main.js" in 0.606 seconds.[0m
notifying browser that file changed:  out\hello_seymore\core.js
[0mCompiling "main.js" from ["src"]...[0m
[36m----  Compiler Warning on   src/hello_seymore/core.cljs   line:65  column:12  ----[0m

  [1mWrong number of args (0) passed to hello-seymore.components/running-tack[0m

  [36m61[0m  [36m  (assoc runner :lane lane))[0m
  [36m62[0m  [36m[0m
  [36m63[0m  [36m(defn render! [][0m
  [36m64[0m  [36m  (.render js/ReactDOM[0m
  [33m65[0m  [1m           (running-tack)[0m
  [0m  [0m  [33m           ^--- Wrong number of args (0) passed to hello-seymore.components/running-tack[0m
  [36m66[0m  [36m           (.getElementById js/document "app")))[0m
  [36m67[0m  [36m[0m
  [36m68[0m  [36m[0m
  [36m69[0m  [36m[0m
  [36m70[0m  [36m(def runners (atom {:usain (runner {:name "Usain Bolt", :speed 100})[0m

[36m----  Compiler Warning : Please see src/hello_seymore/core.cljs  ----[0m
[32mSuccessfully compiled "main.js" in 0.702 seconds.[0m
notifying browser that file changed:  out\hello_seymore\core.js
[0mCompiling "main.js" from ["src"]...[0m
[32mSuccessfully compiled "main.js" in 0.483 seconds.[0m
notifying browser that file changed:  out\hello_seymore\core.js
[0mCompiling "main.js" from ["src"]...[0m
[32mSuccessfully compiled "main.js" in 0.602 seconds.[0m
notifying browser that file changed:  out/cljs_deps.js
notifying browser that file changed:  out\hello_seymore\core.js
[0mCompiling "main.js" from ["src"]...[0m
[32mSuccessfully compiled "main.js" in 0.594 seconds.[0m
notifying browser that file changed:  out/cljs_deps.js
notifying browser that file changed:  out\hello_seymore\core.js
notifying browser that file changed:  out\hello_seymore\components.js
[0mCompiling "main.js" from ["src"]...[0m
[32mSuccessfully compiled "main.js" in 0.752 seconds.[0m
notifying browser that file changed:  out\hello_seymore\components.js
[0mCompiling "main.js" from ["src"]...[0m
[32mSuccessfully compiled "main.js" in 0.53 seconds.[0m
notifying browser that file changed:  out\hello_seymore\components.js
[0mCompiling "main.js" from ["src"]...[0m
[32mSuccessfully compiled "main.js" in 1.251 seconds.[0m
notifying browser that file changed:  out\hello_seymore\components.js
[0mCompiling "main.js" from ["src"]...[0m
[32mSuccessfully compiled "main.js" in 0.938 seconds.[0m
notifying browser that file changed:  out\hello_seymore\core.js
[0mCompiling "main.js" from ["src"]...[0m
[36m----  Compiler Warning on   src/hello_seymore/core.cljs   line:97  column:40  ----[0m

  [1mUse of undeclared Var hello-seymore.core/runner-id[0m

  [36m93[0m  [36m(<! (timeout speed))[0m
  [36m94[0m  [36m(if (not= l "-")[0m
  [36m95[0m  [36m  lane[0m
  [36m96[0m  [36m  (do[0m
  [33m97[0m  [1m    (swap! runners update-in [(runner-id r)] (partial run))[0m
  [0m  [0m  [33m                               ^--- Use of undeclared Var hello-seymore.core/runner-id[0m
  [36m98[0m  [36m    (recur (run lane r))))))))[0m

[36m----  Compiler Warning : Please see src/hello_seymore/core.cljs  ----[0m
[36m----  Compiler Warning on   src/hello_seymore/core.cljs   line:97  column:40  ----[0m

  [1mUse of undeclared Var hello-seymore.core/runner-id[0m

  [36m93[0m  [36m(<! (timeout speed))[0m
  [36m94[0m  [36m(if (not= l "-")[0m
  [36m95[0m  [36m  lane[0m
  [36m96[0m  [36m  (do[0m
  [33m97[0m  [1m    (swap! runners update-in [(runner-id r)] (partial run))[0m
  [0m  [0m  [33m                               ^--- Use of undeclared Var hello-seymore.core/runner-id[0m
  [36m98[0m  [36m    (recur (run lane r))))))))[0m

[36m----  Compiler Warning : Please see src/hello_seymore/core.cljs  ----[0m
[32mSuccessfully compiled "main.js" in 0.811 seconds.[0m
notifying browser that file changed:  out/cljs_deps.js
notifying browser that file changed:  out\hello_seymore\core.js
[0mCompiling "main.js" from ["src"]...[0m
[36m----  Compiler Warning on   src/hello_seymore/core.cljs   line:91  column:10  ----[0m

  [1mUse of undeclared Var hello-seymore.core/runners-l[0m

  [36m87[0m  [36m          [][0m
  [36m88[0m  [36m          runners-l))[0m
  [36m89[0m  [36m[0m
  [36m90[0m  [36m(let [r (runner {:name "Tommie Smith", :speed 98})][0m
  [33m91[0m  [1m  (swap! runners-l update-player r))[0m
  [0m  [0m  [33m         ^--- Use of undeclared Var hello-seymore.core/runners-l[0m
  [36m92[0m  [36m[0m
  [36m93[0m  [36m[0m
  [36m94[0m  [36m(render!)[0m
  [36m95[0m  [36m[0m
  [36m96[0m  [36m(defn run [lane runner][0m

[36m----  Compiler Warning : Please see src/hello_seymore/core.cljs  ----[0m
[32mSuccessfully compiled "main.js" in 0.778 seconds.[0m
[0mCompiling "main.js" from ["src"]...[0m
[32mSuccessfully compiled "main.js" in 0.326 seconds.[0m
notifying browser that file changed:  out\hello_seymore\core.js
[0mCompiling "main.js" from ["src"]...[0m
[36m----  Compiler Warning on   src/hello_seymore/core.cljs   line:91  column:10  ----[0m

  [1mUse of undeclared Var hello-seymore.core/runners-l[0m

  [36m87[0m  [36m          [][0m
  [36m88[0m  [36m          runners-l))[0m
  [36m89[0m  [36m[0m
  [36m90[0m  [36m(let [r (runner {:name "Tommie Smith", :speed 98})][0m
  [33m91[0m  [1m  (swap! runners-l update-player r))[0m
  [0m  [0m  [33m         ^--- Use of undeclared Var hello-seymore.core/runners-l[0m
  [36m92[0m  [36m[0m
  [36m93[0m  [36m[0m
  [36m94[0m  [36m(render!)[0m
  [36m95[0m  [36m[0m
  [36m96[0m  [36m(defn run [lane runner][0m

[36m----  Compiler Warning : Please see src/hello_seymore/core.cljs  ----[0m
[31mFailed to compile "main.js" in 0.314 seconds.[0m
[36m----  Could not Analyze  src/hello_seymore/core.cljs   line:103  column:3  ----[0m

  [1mlet requires an even number of forms in binding vector[0m

  [36m102[0m  [36m(doseq [r runners][0m
  [33m103[0m  [1m  (go[0m
  [0m   [0m  [33m  ^--- let requires an even number of forms in binding vector[0m
  [36m104[0m  [36m    (loop [{:keys [speed lane], :as r} r][0m
  [36m105[0m  [36m      (let [l (last lane)][0m
  [36m106[0m  [36m        (<! (timeout speed))[0m

[36m----  Analysis Error : Please see src/hello_seymore/core.cljs  ----[0m
[0mCompiling "main.js" from ["src"]...[0m
[36m----  Compiler Warning on   src/hello_seymore/core.cljs   line:91  column:10  ----[0m

  [1mUse of undeclared Var hello-seymore.core/runners-l[0m

  [36m87[0m  [36m          [][0m
  [36m88[0m  [36m          runners-l))[0m
  [36m89[0m  [36m[0m
  [36m90[0m  [36m(let [r (runner {:name "Tommie Smith", :speed 98})][0m
  [33m91[0m  [1m  (swap! runners-l update-player r))[0m
  [0m  [0m  [33m         ^--- Use of undeclared Var hello-seymore.core/runners-l[0m
  [36m92[0m  [36m[0m
  [36m93[0m  [36m[0m
  [36m94[0m  [36m(render!)[0m
  [36m95[0m  [36m[0m
  [36m96[0m  [36m(defn run [lane runner][0m

[36m----  Compiler Warning : Please see src/hello_seymore/core.cljs  ----[0m
[36m----  Compiler Warning on   src/hello_seymore/core.cljs   line:91  column:20  ----[0m

  [1mUse of undeclared Var hello-seymore.core/update-player[0m

  [36m87[0m  [36m          [][0m
  [36m88[0m  [36m          runners-l))[0m
  [36m89[0m  [36m[0m
  [36m90[0m  [36m(let [r (runner {:name "Tommie Smith", :speed 98})][0m
  [33m91[0m  [1m  (swap! runners-l update-player r))[0m
  [0m  [0m  [33m                   ^--- Use of undeclared Var hello-seymore.core/update-player[0m
  [36m92[0m  [36m[0m
  [36m93[0m  [36m[0m
  [36m94[0m  [36m(render!)[0m
  [36m95[0m  [36m[0m
  [36m96[0m  [36m(defn run [lane runner][0m

[36m----  Compiler Warning : Please see src/hello_seymore/core.cljs  ----[0m
[32mSuccessfully compiled "main.js" in 0.716 seconds.[0m
notifying browser that file changed:  out/cljs_deps.js
notifying browser that file changed:  out\hello_seymore\core.js
notifying browser that file changed:  out\hello_seymore\components.js
[0mCompiling "main.js" from ["src"]...[0m
[32mSuccessfully compiled "main.js" in 0.458 seconds.[0m
notifying browser that file changed:  out\hello_seymore\core.js
[0mCompiling "main.js" from ["src"]...[0m
[32mSuccessfully compiled "main.js" in 0.537 seconds.[0m
notifying browser that file changed:  out\hello_seymore\components.js
[0mCompiling "main.js" from ["src"]...[0m
[32mSuccessfully compiled "main.js" in 0.514 seconds.[0m
notifying browser that file changed:  out\hello_seymore\components.js
[0mCompiling "main.js" from ["src"]...[0m
[32mSuccessfully compiled "main.js" in 0.691 seconds.[0m
notifying browser that file changed:  out\hello_seymore\components.js
[0mCompiling "main.js" from ["src"]...[0m
[32mSuccessfully compiled "main.js" in 0.568 seconds.[0m
notifying browser that file changed:  out\hello_seymore\components.js
[0mCompiling "main.js" from ["src"]...[0m
[32mSuccessfully compiled "main.js" in 0.526 seconds.[0m
notifying browser that file changed:  out\hello_seymore\components.js
[0mCompiling "main.js" from ["src"]...[0m
[32mSuccessfully compiled "main.js" in 0.498 seconds.[0m
notifying browser that file changed:  out\hello_seymore\core.js
[0mCompiling "main.js" from ["src"]...[0m
[32mSuccessfully compiled "main.js" in 0.522 seconds.[0m
notifying browser that file changed:  out\hello_seymore\core.js
[0mCompiling "main.js" from ["src"]...[0m
[36m----  Compiler Warning on   src/hello_seymore/core.cljs   line:42  column:24  ----[0m

  [1mUse of undeclared Var hello-seymore.core/format[0m

  [36m39[0m  [36m(defn runner[0m
  [36m40[0m  [36m  "Creates a new runner"[0m
  [36m41[0m  [36m  [{:keys [name speed]}][0m
  [33m42[0m  [1m  (map->Runner {:name (format "%" name)[0m
  [0m  [0m  [33m                       ^--- Use of undeclared Var hello-seymore.core/format[0m
  [36m43[0m  [36m                :speed speed[0m
  [36m44[0m  [36m                :lane (build-lane name)}))[0m
  [36m45[0m  [36m[0m
  [36m46[0m  [36m(defn not-runner? [r][0m
  [36m47[0m  [36m  (= r "-"))[0m

[36m----  Compiler Warning : Please see src/hello_seymore/core.cljs  ----[0m
[32mSuccessfully compiled "main.js" in 0.637 seconds.[0m
notifying browser that file changed:  out\hello_seymore\core.js
[0mCompiling "main.js" from ["src"]...[0m
[36m----  Compiler Warning on   src/hello_seymore/core.cljs   line:42  column:24  ----[0m

  [1mUse of undeclared Var hello-seymore.core/format[0m

  [36m39[0m  [36m(defn runner[0m
  [36m40[0m  [36m  "Creates a new runner"[0m
  [36m41[0m  [36m  [{:keys [name speed]}][0m
  [33m42[0m  [1m  (map->Runner {:name (format "%15s" name)[0m
  [0m  [0m  [33m                       ^--- Use of undeclared Var hello-seymore.core/format[0m
  [36m43[0m  [36m                :speed speed[0m
  [36m44[0m  [36m                :lane (build-lane name)}))[0m
  [36m45[0m  [36m[0m
  [36m46[0m  [36m(defn not-runner? [r][0m
  [36m47[0m  [36m  (= r "-"))[0m

[36m----  Compiler Warning : Please see src/hello_seymore/core.cljs  ----[0m
[32mSuccessfully compiled "main.js" in 0.627 seconds.[0m
notifying browser that file changed:  out\hello_seymore\core.js
[0mCompiling "main.js" from ["src"]...[0m
[36m----  Compiler Warning on   src/hello_seymore/core.cljs   line:44  column:24  ----[0m

  [1mUse of undeclared Var hello-seymore.core/format[0m

  [36m41[0m  [36m(defn runner[0m
  [36m42[0m  [36m  "Creates a new runner"[0m
  [36m43[0m  [36m  [{:keys [name speed]}][0m
  [33m44[0m  [1m  (map->Runner {:name (format "%15s" name)[0m
  [0m  [0m  [33m                       ^--- Use of undeclared Var hello-seymore.core/format[0m
  [36m45[0m  [36m                :speed speed[0m
  [36m46[0m  [36m                :lane (build-lane name)}))[0m
  [36m47[0m  [36m[0m
  [36m48[0m  [36m(defn not-runner? [r][0m
  [36m49[0m  [36m  (= r "-"))[0m

[36m----  Compiler Warning : Please see src/hello_seymore/core.cljs  ----[0m
[32mSuccessfully compiled "main.js" in 0.556 seconds.[0m
notifying browser that file changed:  out/cljs_deps.js
notifying browser that file changed:  out\hello_seymore\core.js
[0mCompiling "main.js" from ["src"]...[0m
[32mSuccessfully compiled "main.js" in 0.473 seconds.[0m
notifying browser that file changed:  out\hello_seymore\core.js
[0mCompiling "main.js" from ["src"]...[0m
[32mSuccessfully compiled "main.js" in 0.538 seconds.[0m
notifying browser that file changed:  out\hello_seymore\core.js
[0mCompiling "main.js" from ["src"]...[0m
[32mSuccessfully compiled "main.js" in 0.486 seconds.[0m
notifying browser that file changed:  out\hello_seymore\core.js
[0mCompiling "main.js" from ["src"]...[0m
[32mSuccessfully compiled "main.js" in 0.538 seconds.[0m
notifying browser that file changed:  out\hello_seymore\core.js
[0mCompiling "main.js" from ["src"]...[0m
[32mSuccessfully compiled "main.js" in 0.485 seconds.[0m
notifying browser that file changed:  out\hello_seymore\core.js
[0mCompiling "main.js" from ["src"]...[0m
[32mSuccessfully compiled "main.js" in 0.575 seconds.[0m
notifying browser that file changed:  out\hello_seymore\core.js
[0mCompiling "main.js" from ["src"]...[0m
[32mSuccessfully compiled "main.js" in 0.514 seconds.[0m
notifying browser that file changed:  out\hello_seymore\core.js
[0mCompiling "main.js" from ["src"]...[0m
[32mSuccessfully compiled "main.js" in 0.592 seconds.[0m
notifying browser that file changed:  out\hello_seymore\core.js
[0mCompiling "main.js" from ["src"]...[0m
[32mSuccessfully compiled "main.js" in 0.581 seconds.[0m
notifying browser that file changed:  out\hello_seymore\components.js
[0mCompiling "main.js" from ["src"]...[0m
[32mSuccessfully compiled "main.js" in 0.581 seconds.[0m
notifying browser that file changed:  out/cljs_deps.js
notifying browser that file changed:  out\hello_seymore\components.js
[0mCompiling "main.js" from ["src"]...[0m
[32mSuccessfully compiled "main.js" in 0.56 seconds.[0m
notifying browser that file changed:  out/cljs_deps.js
notifying browser that file changed:  out\hello_seymore\components.js
[0mCompiling "main.js" from ["src"]...[0m
[32mSuccessfully compiled "main.js" in 0.563 seconds.[0m
notifying browser that file changed:  out\hello_seymore\core.js
[0mCompiling "main.js" from ["src"]...[0m
[31mFailed to compile "main.js" in 0.293 seconds.[0m
[36m----  Could not Analyze  src/hello_seymore/core.cljs   line:115  column:1  ----[0m

  [1mUnsupported binding form: [0m

  [36m113[0m  [36m(def winners (atom []))[0m
  [36m114[0m  [36m[0m
  [33m115[0m  [1m(go[0m
  [0m   [0m  [33m^--- Unsupported binding form: [0m
  [36m116[0m  [36m  (dotimes []))[0m

[36m----  Analysis Error : Please see src/hello_seymore/core.cljs  ----[0m
[0mCompiling "main.js" from ["src"]...[0m
[32mSuccessfully compiled "main.js" in 0.443 seconds.[0m
notifying browser that file changed:  out/cljs_deps.js
notifying browser that file changed:  out\hello_seymore\core.js
[0mCompiling "main.js" from ["src"]...[0m
[32mSuccessfully compiled "main.js" in 0.339 seconds.[0m
notifying browser that file changed:  out/cljs_deps.js
notifying browser that file changed:  out\hello_seymore\core.js
[0mCompiling "main.js" from ["src"]...[0m
[36m----  Compiler Warning on   src/hello_seymore/core.cljs   line:115  column:1  ----[0m

  [1mWrong number of args (1) passed to cljs.core/subvec[0m

  [36m111[0m  [36m            (recur runner-moved)))))))[0m
  [36m112[0m  [36m[0m
  [36m113[0m  [36m(def winners (atom []))[0m
  [36m114[0m  [36m[0m
  [33m115[0m  [1m(go[0m
  [0m   [0m  [33m^--- Wrong number of args (1) passed to cljs.core/subvec[0m
  [36m116[0m  [36m  (while (< (count @winners) 10)[0m
  [36m117[0m  [36m    (swap! winners conj (<! finish-line)))[0m
  [36m118[0m  [36m  (render! (subvec 3)))[0m

[36m----  Compiler Warning : Please see src/hello_seymore/core.cljs  ----[0m
[36m----  Compiler Warning on   src/hello_seymore/core.cljs   line:115  column:1  ----[0m

  [1mWrong number of args (1) passed to hello-seymore.core/render![0m

  [36m111[0m  [36m            (recur runner-moved)))))))[0m
  [36m112[0m  [36m[0m
  [36m113[0m  [36m(def winners (atom []))[0m
  [36m114[0m  [36m[0m
  [33m115[0m  [1m(go[0m
  [0m   [0m  [33m^--- Wrong number of args (1) passed to hello-seymore.core/render![0m
  [36m116[0m  [36m  (while (< (count @winners) 10)[0m
  [36m117[0m  [36m    (swap! winners conj (<! finish-line)))[0m
  [36m118[0m  [36m  (render! (subvec 3)))[0m

[36m----  Compiler Warning : Please see src/hello_seymore/core.cljs  ----[0m
[32mSuccessfully compiled "main.js" in 1.043 seconds.[0m
notifying browser that file changed:  out\hello_seymore\core.js
[0mCompiling "main.js" from ["src"]...[0m
[36m----  Compiler Warning on   src/hello_seymore/core.cljs   line:117  column:1  ----[0m

  [1mWrong number of args (1) passed to hello-seymore.core/render![0m

  [36m113[0m  [36m            (recur runner-moved)))))))[0m
  [36m114[0m  [36m[0m
  [36m115[0m  [36m[0m
  [36m116[0m  [36m[0m
  [33m117[0m  [1m(go[0m
  [0m   [0m  [33m^--- Wrong number of args (1) passed to hello-seymore.core/render![0m
  [36m118[0m  [36m  (while (< (count @winners) 10)[0m
  [36m119[0m  [36m    (swap! winners conj (<! finish-line)))[0m
  [36m120[0m  [36m  (render! (subvec winners 0 3)))[0m

[36m----  Compiler Warning : Please see src/hello_seymore/core.cljs  ----[0m
[32mSuccessfully compiled "main.js" in 0.542 seconds.[0m
notifying browser that file changed:  out\hello_seymore\core.js
[0mCompiling "main.js" from ["src"]...[0m
[31mFailed to compile "main.js" in 0.282 seconds.[0m
[36m----  Could not Analyze  src/hello_seymore/components.cljs   line:41  column:3  ----[0m

  [1mToo few arguments to if at line 41 C:\Users\ricardo.machado\cljs\hello_seymore\src\hello_seymore\components.cljs[0m

  [36m39[0m  [36m(defn race[0m
  [36m40[0m  [36m  [runners winners][0m
  [33m41[0m  [1m  (sab/html [:div (running-track runners)[0m
  [0m  [0m  [33m  ^--- Too few arguments to if at line 41 C:\Users\ricardo.machado\cljs\hello_seymore\src\hello_seymore\components.cljs[0m
  [36m42[0m  [36m             (if (= (count winners) 3))]))[0m

[36m----  Analysis Error : Please see src/hello_seymore/components.cljs  ----[0m
[0mCompiling "main.js" from ["src"]...[0m
[31mFailed to compile "main.js" in 0.307 seconds.[0m
[36m----  Could not Analyze  src/hello_seymore/components.cljs   line:41  column:3  ----[0m

  [1mToo few arguments to if at line 41 C:\Users\ricardo.machado\cljs\hello_seymore\src\hello_seymore\components.cljs[0m

  [36m39[0m  [36m(defn race[0m
  [36m40[0m  [36m  [runners winners][0m
  [33m41[0m  [1m  (sab/html [:div (running-track runners)[0m
  [0m  [0m  [33m  ^--- Too few arguments to if at line 41 C:\Users\ricardo.machado\cljs\hello_seymore\src\hello_seymore\components.cljs[0m
  [36m42[0m  [36m             (if (= (count winners) 3)[0m
  [36m43[0m  [36m               )]))[0m

[36m----  Analysis Error : Please see src/hello_seymore/components.cljs  ----[0m
[0mCompiling "main.js" from ["src"]...[0m
[36m----  Compiler Warning on   src/hello_seymore/core.cljs   line:85  column:45  ----[0m

  [1mWrong number of args (1) passed to hello-seymore.core/render![0m

  [36m81[0m  [36m  (.render js/ReactDOM[0m
  [36m82[0m  [36m           (race runners winners race-is-over?)[0m
  [36m83[0m  [36m           (.getElementById js/document "app")))[0m
  [36m84[0m  [36m[0m
  [33m85[0m  [1m(add-watch runners :on-change (fn [_ _ _ _] (render! winners)))[0m
  [0m  [0m  [33m                                            ^--- Wrong number of args (1) passed to hello-seymore.core/render![0m
  [36m86[0m  [36m[0m
  [36m87[0m  [36m(defn update-tracking[0m
  [36m88[0m  [36m  [runners-l runner][0m
  [36m89[0m  [36m  (reduce (fn [acc val][0m
  [36m90[0m  [36m            (if (not= (:name runner) (:name val))[0m

[36m----  Compiler Warning : Please see src/hello_seymore/core.cljs  ----[0m
[36m----  Compiler Warning on   src/hello_seymore/core.cljs   line:117  column:1  ----[0m

  [1mWrong number of args (1) passed to hello-seymore.core/render![0m

  [36m113[0m  [36m          (let [runner-moved (run lane r)][0m
  [36m114[0m  [36m            (swap! runners update-tracking runner-moved)[0m
  [36m115[0m  [36m            (recur runner-moved)))))))[0m
  [36m116[0m  [36m[0m
  [33m117[0m  [1m(go[0m
  [0m   [0m  [33m^--- Wrong number of args (1) passed to hello-seymore.core/render![0m
  [36m118[0m  [36m  (while (< (count @winners) 10)[0m
  [36m119[0m  [36m    (swap! winners conj (<! finish-line)))[0m
  [36m120[0m  [36m  (swap! race-is-over? not)[0m
  [36m121[0m  [36m  (render! (subvec winners 0 3)))[0m

[36m----  Compiler Warning : Please see src/hello_seymore/core.cljs  ----[0m
[32mSuccessfully compiled "main.js" in 0.693 seconds.[0m
notifying browser that file changed:  out\hello_seymore\components.js
[0mCompiling "main.js" from ["src"]...[0m
[36m----  Compiler Warning on   src/hello_seymore/core.cljs   line:117  column:1  ----[0m

  [1mWrong number of args (1) passed to hello-seymore.core/render![0m

  [36m113[0m  [36m          (let [runner-moved (run lane r)][0m
  [36m114[0m  [36m            (swap! runners update-tracking runner-moved)[0m
  [36m115[0m  [36m            (recur runner-moved)))))))[0m
  [36m116[0m  [36m[0m
  [33m117[0m  [1m(go[0m
  [0m   [0m  [33m^--- Wrong number of args (1) passed to hello-seymore.core/render![0m
  [36m118[0m  [36m  (while (< (count @winners) 10)[0m
  [36m119[0m  [36m    (swap! winners conj (<! finish-line)))[0m
  [36m120[0m  [36m  (swap! race-is-over? not)[0m
  [36m121[0m  [36m  (render! (subvec winners 0 3)))[0m

[36m----  Compiler Warning : Please see src/hello_seymore/core.cljs  ----[0m
[32mSuccessfully compiled "main.js" in 0.512 seconds.[0m
notifying browser that file changed:  out\hello_seymore\core.js
[0mCompiling "main.js" from ["src"]...[0m
[32mSuccessfully compiled "main.js" in 0.523 seconds.[0m
notifying browser that file changed:  out\hello_seymore\core.js
[0mCompiling "main.js" from ["src"]...[0m
[32mSuccessfully compiled "main.js" in 0.65 seconds.[0m
notifying browser that file changed:  out\hello_seymore\components.js
[0mCompiling "main.js" from ["src"]...[0m
[32mSuccessfully compiled "main.js" in 0.542 seconds.[0m
notifying browser that file changed:  out/cljs_deps.js
notifying browser that file changed:  out\hello_seymore\components.js
[0mCompiling "main.js" from ["src"]...[0m
[32mSuccessfully compiled "main.js" in 0.473 seconds.[0m
notifying browser that file changed:  out/cljs_deps.js
notifying browser that file changed:  out\hello_seymore\core.js
[0mCompiling "main.js" from ["src"]...[0m
[32mSuccessfully compiled "main.js" in 0.544 seconds.[0m
notifying browser that file changed:  out\hello_seymore\core.js
[0mCompiling "main.js" from ["src"]...[0m
[31mFailed to compile "main.js" in 0.153 seconds.[0m
[36m----  Could not Analyze  src/hello_seymore/core.cljs   line:78  column:1  ----[0m

  [1mWrong number of args (1) passed to: analyzer/eval1724/fn--1725/pfn--1726[0m

  [33m78[0m  [1m(def )[0m
  [0m  [0m  [33m^--- Wrong number of args (1) passed to: analyzer/eval1724/fn--1725/pfn--1726[0m
  [36m79[0m  [36m[0m
  [36m80[0m  [36m(def winners (atom []))[0m
  [36m81[0m  [36m(def race-is-over? (atom false))[0m

[36m----  Analysis Error : Please see src/hello_seymore/core.cljs  ----[0m
[0mCompiling "main.js" from ["src"]...[0m
[32mSuccessfully compiled "main.js" in 0.643 seconds.[0m
notifying browser that file changed:  out/cljs_deps.js
notifying browser that file changed:  out\hello_seymore\core.js
[0mCompiling "main.js" from ["src"]...[0m
[32mSuccessfully compiled "main.js" in 0.603 seconds.[0m
notifying browser that file changed:  out/cljs_deps.js
notifying browser that file changed:  out\hello_seymore\core.js
[0mCompiling "main.js" from ["src"]...[0m
[32mSuccessfully compiled "main.js" in 0.481 seconds.[0m
notifying browser that file changed:  out/cljs_deps.js
notifying browser that file changed:  out\hello_seymore\core.js
[0mCompiling "main.js" from ["src"]...[0m
[32mSuccessfully compiled "main.js" in 0.508 seconds.[0m
notifying browser that file changed:  out/cljs_deps.js
notifying browser that file changed:  out\hello_seymore\core.js
[0mCompiling "main.js" from ["src"]...[0m
[32mSuccessfully compiled "main.js" in 0.505 seconds.[0m
notifying browser that file changed:  out\hello_seymore\core.js
[0mCompiling "main.js" from ["src"]...[0m
[32mSuccessfully compiled "main.js" in 3.646 seconds.[0m
notifying browser that file changed:  out\hello_seymore\core.js
